<?xml version="1.0" encoding="UTF-8"?>
<!-- Generated by org.testng.reporters.JUnitXMLReporter -->
<testsuite hostname="LIN60015134" name="Test" tests="7" failures="1" timestamp="11 May 2019 08:03:51 GMT" time="124.733" errors="0">
  <testcase name="loginToFreeCRM" time="7.599" classname="FreeCRM_TestScenarios.FreeCRM_LoginTest"/>
  <testcase name="getTitleVerification" time="0.017" classname="FreeCRM_TestScenarios.FreeCRM_LoginTest"/>
  <testcase name="loginButtonEnabledVerification" time="0.073" classname="FreeCRM_TestScenarios.FreeCRM_LoginTest"/>
  <testcase name="navigateToContactNewContact" time="1.698" classname="FreeCRM_TestScenarios.HomePage_Test"/>
  <testcase name="navigatetoCompaniesNewCompany" time="1.468" classname="FreeCRM_TestScenarios.HomePage_Test"/>
  <testcase name="verifyAddCalendar" time="0.001" classname="FreeCRM_TestScenarios.HomePage_Test"/>
  <testcase name="verifyaddBoxesPopUpdisplayed" time="0.183" classname="FreeCRM_TestScenarios.HomePage_Test">
    <failure type="java.lang.AssertionError" message="expected [Add Home Boxes] but found []">
      <![CDATA[java.lang.AssertionError: expected [Add Home Boxes] but found []
	at FreeCRM_TestScenarios.HomePage_Test.verifyaddBoxesPopUpdisplayed(HomePage_Test.java:40)
... Removed 29 stack frames]]>
    </failure>
  </testcase> <!-- verifyaddBoxesPopUpdisplayed -->
</testsuite> <!-- Test -->
