<?xml version="1.0" encoding="UTF-8"?>
<testng-results skipped="0" failed="3" total="5" passed="2">
  <reporter-output>
  </reporter-output>
  <suite name="Default suite" duration-ms="126869" started-at="2019-06-01T07:29:56Z" finished-at="2019-06-01T07:32:03Z">
    <groups>
    </groups>
    <test name="Default test" duration-ms="126869" started-at="2019-06-01T07:29:56Z" finished-at="2019-06-01T07:32:03Z">
      <class name="FreeCRM_TestScenarios.FreeCRM_LoginTest">
        <test-method status="PASS" signature="invokeBrowser()[pri:0, instance:FreeCRM_TestScenarios.FreeCRM_LoginTest@7494f96a]" name="invokeBrowser" is-config="true" duration-ms="19864" started-at="2019-06-01T12:59:56Z" finished-at="2019-06-01T13:00:16Z">
          <reporter-output>
          </reporter-output>
        </test-method> <!-- invokeBrowser -->
        <test-method status="PASS" signature="setup()[pri:0, instance:FreeCRM_TestScenarios.FreeCRM_LoginTest@7494f96a]" name="setup" is-config="true" duration-ms="119" started-at="2019-06-01T13:00:16Z" finished-at="2019-06-01T13:00:16Z">
          <reporter-output>
          </reporter-output>
        </test-method> <!-- setup -->
        <test-method status="PASS" signature="loginToFreeCRM(java.lang.String, java.util.LinkedHashMap)[pri:0, instance:FreeCRM_TestScenarios.FreeCRM_LoginTest@7494f96a]" name="loginToFreeCRM" duration-ms="8817" started-at="2019-06-01T13:00:16Z" description="Sheet2" data-provider="inputdata" finished-at="2019-06-01T13:00:25Z">
          <params>
            <param index="0">
              <value>
                <![CDATA[TC_010]]>
              </value>
            </param>
            <param index="1">
              <value>
                <![CDATA[{TCID=TC_010, TestDescription=Testlogin10, ExecutionFlag=Y, UserName=himansja, Password=Ispl123#}]]>
              </value>
            </param>
          </params>
          <reporter-output>
          </reporter-output>
        </test-method> <!-- loginToFreeCRM -->
        <test-method status="PASS" signature="quitBrowser()[pri:0, instance:FreeCRM_TestScenarios.FreeCRM_LoginTest@7494f96a]" name="quitBrowser" is-config="true" duration-ms="0" started-at="2019-06-01T13:00:25Z" finished-at="2019-06-01T13:00:25Z">
          <reporter-output>
          </reporter-output>
        </test-method> <!-- quitBrowser -->
        <test-method status="PASS" signature="invokeBrowser()[pri:0, instance:FreeCRM_TestScenarios.FreeCRM_LoginTest@7494f96a]" name="invokeBrowser" is-config="true" duration-ms="18827" started-at="2019-06-01T13:00:25Z" finished-at="2019-06-01T13:00:43Z">
          <reporter-output>
          </reporter-output>
        </test-method> <!-- invokeBrowser -->
        <test-method status="PASS" signature="setup()[pri:0, instance:FreeCRM_TestScenarios.FreeCRM_LoginTest@7494f96a]" name="setup" is-config="true" duration-ms="3" started-at="2019-06-01T13:00:43Z" finished-at="2019-06-01T13:00:43Z">
          <reporter-output>
          </reporter-output>
        </test-method> <!-- setup -->
        <test-method status="PASS" signature="loginToFreeCRM(java.lang.String, java.util.LinkedHashMap)[pri:0, instance:FreeCRM_TestScenarios.FreeCRM_LoginTest@7494f96a]" name="loginToFreeCRM" duration-ms="7327" started-at="2019-06-01T13:00:43Z" description="Sheet2" data-provider="inputdata" finished-at="2019-06-01T13:00:51Z">
          <params>
            <param index="0">
              <value>
                <![CDATA[TC_011]]>
              </value>
            </param>
            <param index="1">
              <value>
                <![CDATA[{TCID=TC_011, TestDescription=Testlogin11, ExecutionFlag=Y, UserName=himanshujain1, Password=inception}]]>
              </value>
            </param>
          </params>
          <reporter-output>
          </reporter-output>
        </test-method> <!-- loginToFreeCRM -->
        <test-method status="PASS" signature="invokeBrowser()[pri:0, instance:FreeCRM_TestScenarios.FreeCRM_LoginTest@7494f96a]" name="invokeBrowser" is-config="true" duration-ms="19153" started-at="2019-06-01T13:00:51Z" finished-at="2019-06-01T13:01:10Z">
          <reporter-output>
          </reporter-output>
        </test-method> <!-- invokeBrowser -->
        <test-method status="PASS" signature="quitBrowser()[pri:0, instance:FreeCRM_TestScenarios.FreeCRM_LoginTest@7494f96a]" name="quitBrowser" is-config="true" duration-ms="0" started-at="2019-06-01T13:00:51Z" finished-at="2019-06-01T13:00:51Z">
          <reporter-output>
          </reporter-output>
        </test-method> <!-- quitBrowser -->
        <test-method status="PASS" signature="setup()[pri:0, instance:FreeCRM_TestScenarios.FreeCRM_LoginTest@7494f96a]" name="setup" is-config="true" duration-ms="1" started-at="2019-06-01T13:01:10Z" finished-at="2019-06-01T13:01:10Z">
          <reporter-output>
          </reporter-output>
        </test-method> <!-- setup -->
        <test-method status="FAIL" signature="loginToFreeCRM(java.lang.String, java.util.LinkedHashMap)[pri:0, instance:FreeCRM_TestScenarios.FreeCRM_LoginTest@7494f96a]" name="loginToFreeCRM" duration-ms="2163" started-at="2019-06-01T13:01:10Z" description="Sheet2" data-provider="inputdata" finished-at="2019-06-01T13:01:12Z">
          <params>
            <param index="0">
              <value>
                <![CDATA[TC_012]]>
              </value>
            </param>
            <param index="1">
              <value>
                <![CDATA[{TCID=TC_012, TestDescription=Testlogin12, ExecutionFlag=Y, UserName=himanshu12, Password=Jain12}]]>
              </value>
            </param>
          </params>
          <exception class="java.lang.AssertionError">
            <message>
              <![CDATA[expected [CRMPRO - CRM software for customer relationship management, sales, and support.] but found [CRMPRO]]]>
            </message>
            <full-stacktrace>
              <![CDATA[java.lang.AssertionError: expected [CRMPRO - CRM software for customer relationship management, sales, and support.] but found [CRMPRO]
	at org.testng.Assert.fail(Assert.java:94)
	at org.testng.Assert.failNotEquals(Assert.java:494)
	at org.testng.Assert.assertEquals(Assert.java:123)
	at org.testng.Assert.assertEquals(Assert.java:176)
	at org.testng.Assert.assertEquals(Assert.java:186)
	at FreeCRM_TestScenarios.FreeCRM_LoginTest.loginToFreeCRM(FreeCRM_LoginTest.java:26)
	at sun.reflect.NativeMethodAccessorImpl.invoke0(Native Method)
	at sun.reflect.NativeMethodAccessorImpl.invoke(NativeMethodAccessorImpl.java:62)
	at sun.reflect.DelegatingMethodAccessorImpl.invoke(DelegatingMethodAccessorImpl.java:43)
	at java.lang.reflect.Method.invoke(Method.java:498)
	at org.testng.internal.MethodInvocationHelper.invokeMethod(MethodInvocationHelper.java:84)
	at org.testng.internal.Invoker.invokeMethod(Invoker.java:714)
	at org.testng.internal.Invoker.invokeTestMethod(Invoker.java:901)
	at org.testng.internal.Invoker.invokeTestMethods(Invoker.java:1231)
	at org.testng.internal.TestMethodWorker.invokeTestMethods(TestMethodWorker.java:127)
	at org.testng.internal.TestMethodWorker.run(TestMethodWorker.java:111)
	at org.testng.TestRunner.privateRun(TestRunner.java:767)
	at org.testng.TestRunner.run(TestRunner.java:617)
	at org.testng.SuiteRunner.runTest(SuiteRunner.java:348)
	at org.testng.SuiteRunner.runSequentially(SuiteRunner.java:343)
	at org.testng.SuiteRunner.privateRun(SuiteRunner.java:305)
	at org.testng.SuiteRunner.run(SuiteRunner.java:254)
	at org.testng.SuiteRunnerWorker.runSuite(SuiteRunnerWorker.java:52)
	at org.testng.SuiteRunnerWorker.run(SuiteRunnerWorker.java:86)
	at org.testng.TestNG.runSuitesSequentially(TestNG.java:1224)
	at org.testng.TestNG.runSuitesLocally(TestNG.java:1149)
	at org.testng.TestNG.run(TestNG.java:1057)
	at org.testng.remote.AbstractRemoteTestNG.run(AbstractRemoteTestNG.java:114)
	at org.testng.remote.RemoteTestNG.initAndRun(RemoteTestNG.java:251)
	at org.testng.remote.RemoteTestNG.main(RemoteTestNG.java:77)
]]>
            </full-stacktrace>
          </exception> <!-- java.lang.AssertionError -->
          <reporter-output>
          </reporter-output>
        </test-method> <!-- loginToFreeCRM -->
        <test-method status="PASS" signature="invokeBrowser()[pri:0, instance:FreeCRM_TestScenarios.FreeCRM_LoginTest@7494f96a]" name="invokeBrowser" is-config="true" duration-ms="22058" started-at="2019-06-01T13:01:12Z" finished-at="2019-06-01T13:01:34Z">
          <reporter-output>
          </reporter-output>
        </test-method> <!-- invokeBrowser -->
        <test-method status="PASS" signature="quitBrowser()[pri:0, instance:FreeCRM_TestScenarios.FreeCRM_LoginTest@7494f96a]" name="quitBrowser" is-config="true" duration-ms="0" started-at="2019-06-01T13:01:12Z" finished-at="2019-06-01T13:01:12Z">
          <reporter-output>
          </reporter-output>
        </test-method> <!-- quitBrowser -->
        <test-method status="PASS" signature="setup()[pri:0, instance:FreeCRM_TestScenarios.FreeCRM_LoginTest@7494f96a]" name="setup" is-config="true" duration-ms="1" started-at="2019-06-01T13:01:34Z" finished-at="2019-06-01T13:01:34Z">
          <reporter-output>
          </reporter-output>
        </test-method> <!-- setup -->
        <test-method status="FAIL" signature="loginToFreeCRM(java.lang.String, java.util.LinkedHashMap)[pri:0, instance:FreeCRM_TestScenarios.FreeCRM_LoginTest@7494f96a]" name="loginToFreeCRM" duration-ms="3515" started-at="2019-06-01T13:01:34Z" description="Sheet2" data-provider="inputdata" finished-at="2019-06-01T13:01:38Z">
          <params>
            <param index="0">
              <value>
                <![CDATA[TC_013]]>
              </value>
            </param>
            <param index="1">
              <value>
                <![CDATA[{TCID=TC_013, TestDescription=Testlogin13, ExecutionFlag=Y, UserName=himanshu13, Password=Jain13}]]>
              </value>
            </param>
          </params>
          <exception class="java.lang.AssertionError">
            <message>
              <![CDATA[expected [CRMPRO - CRM software for customer relationship management, sales, and support.] but found [CRMPRO]]]>
            </message>
            <full-stacktrace>
              <![CDATA[java.lang.AssertionError: expected [CRMPRO - CRM software for customer relationship management, sales, and support.] but found [CRMPRO]
	at org.testng.Assert.fail(Assert.java:94)
	at org.testng.Assert.failNotEquals(Assert.java:494)
	at org.testng.Assert.assertEquals(Assert.java:123)
	at org.testng.Assert.assertEquals(Assert.java:176)
	at org.testng.Assert.assertEquals(Assert.java:186)
	at FreeCRM_TestScenarios.FreeCRM_LoginTest.loginToFreeCRM(FreeCRM_LoginTest.java:26)
	at sun.reflect.NativeMethodAccessorImpl.invoke0(Native Method)
	at sun.reflect.NativeMethodAccessorImpl.invoke(NativeMethodAccessorImpl.java:62)
	at sun.reflect.DelegatingMethodAccessorImpl.invoke(DelegatingMethodAccessorImpl.java:43)
	at java.lang.reflect.Method.invoke(Method.java:498)
	at org.testng.internal.MethodInvocationHelper.invokeMethod(MethodInvocationHelper.java:84)
	at org.testng.internal.Invoker.invokeMethod(Invoker.java:714)
	at org.testng.internal.Invoker.invokeTestMethod(Invoker.java:901)
	at org.testng.internal.Invoker.invokeTestMethods(Invoker.java:1231)
	at org.testng.internal.TestMethodWorker.invokeTestMethods(TestMethodWorker.java:127)
	at org.testng.internal.TestMethodWorker.run(TestMethodWorker.java:111)
	at org.testng.TestRunner.privateRun(TestRunner.java:767)
	at org.testng.TestRunner.run(TestRunner.java:617)
	at org.testng.SuiteRunner.runTest(SuiteRunner.java:348)
	at org.testng.SuiteRunner.runSequentially(SuiteRunner.java:343)
	at org.testng.SuiteRunner.privateRun(SuiteRunner.java:305)
	at org.testng.SuiteRunner.run(SuiteRunner.java:254)
	at org.testng.SuiteRunnerWorker.runSuite(SuiteRunnerWorker.java:52)
	at org.testng.SuiteRunnerWorker.run(SuiteRunnerWorker.java:86)
	at org.testng.TestNG.runSuitesSequentially(TestNG.java:1224)
	at org.testng.TestNG.runSuitesLocally(TestNG.java:1149)
	at org.testng.TestNG.run(TestNG.java:1057)
	at org.testng.remote.AbstractRemoteTestNG.run(AbstractRemoteTestNG.java:114)
	at org.testng.remote.RemoteTestNG.initAndRun(RemoteTestNG.java:251)
	at org.testng.remote.RemoteTestNG.main(RemoteTestNG.java:77)
]]>
            </full-stacktrace>
          </exception> <!-- java.lang.AssertionError -->
          <reporter-output>
          </reporter-output>
        </test-method> <!-- loginToFreeCRM -->
        <test-method status="PASS" signature="quitBrowser()[pri:0, instance:FreeCRM_TestScenarios.FreeCRM_LoginTest@7494f96a]" name="quitBrowser" is-config="true" duration-ms="0" started-at="2019-06-01T13:01:38Z" finished-at="2019-06-01T13:01:38Z">
          <reporter-output>
          </reporter-output>
        </test-method> <!-- quitBrowser -->
        <test-method status="PASS" signature="invokeBrowser()[pri:0, instance:FreeCRM_TestScenarios.FreeCRM_LoginTest@7494f96a]" name="invokeBrowser" is-config="true" duration-ms="24939" started-at="2019-06-01T13:01:38Z" finished-at="2019-06-01T13:02:03Z">
          <reporter-output>
          </reporter-output>
        </test-method> <!-- invokeBrowser -->
        <test-method status="PASS" signature="setup()[pri:0, instance:FreeCRM_TestScenarios.FreeCRM_LoginTest@7494f96a]" name="setup" is-config="true" duration-ms="0" started-at="2019-06-01T13:02:03Z" finished-at="2019-06-01T13:02:03Z">
          <reporter-output>
          </reporter-output>
        </test-method> <!-- setup -->
        <test-method status="FAIL" signature="loginToFreeCRM(java.lang.String, java.util.LinkedHashMap)[pri:0, instance:FreeCRM_TestScenarios.FreeCRM_LoginTest@7494f96a]" name="loginToFreeCRM" duration-ms="37" started-at="2019-06-01T13:02:03Z" description="Sheet2" data-provider="inputdata" finished-at="2019-06-01T13:02:03Z">
          <params>
            <param index="0">
              <value>
                <![CDATA[TC_014]]>
              </value>
            </param>
            <param index="1">
              <value>
                <![CDATA[{TCID=TC_014, TestDescription=Testlogin14, ExecutionFlag=Y, UserName=himanshu14, Password=Jain14}]]>
              </value>
            </param>
          </params>
          <exception class="org.openqa.selenium.NoSuchWindowException">
            <message>
              <![CDATA[no such window: target window already closed
from unknown error: web view not found
  (Session info: chrome=74.0.3729.157)
  (Driver info: chromedriver=2.40.565498 (ea082db3280dd6843ebfb08a625e3eb905c4f5ab),platform=Windows NT 10.0.15063 x86_64) (WARNING: The server did not provide any stacktrace information)
Command duration or timeout: 9 milliseconds
Build info: version: '3.4.0', revision: 'unknown', time: 'unknown'
System info: host: 'LIN60015134', ip: '192.168.1.15', os.name: 'Windows 10', os.arch: 'amd64', os.version: '10.0', java.version: '1.8.0_121'
Driver info: org.openqa.selenium.chrome.ChromeDriver
Capabilities [{applicationCacheEnabled=false, rotatable=false, mobileEmulationEnabled=false, networkConnectionEnabled=false, chrome={chromedriverVersion=2.40.565498 (ea082db3280dd6843ebfb08a625e3eb905c4f5ab), userDataDir=C:\Users\himansja\AppData\Local\Temp\scoped_dir16976_2784}, takesHeapSnapshot=true, pageLoadStrategy=normal, databaseEnabled=false, handlesAlerts=true, hasTouchScreen=false, version=74.0.3729.157, platform=XP, browserConnectionEnabled=false, nativeEvents=true, acceptSslCerts=false, acceptInsecureCerts=false, locationContextEnabled=true, webStorageEnabled=true, browserName=chrome, takesScreenshot=true, javascriptEnabled=true, cssSelectorsEnabled=true, setWindowRect=true, unexpectedAlertBehaviour=}]
Session ID: 75d8729e33046acb99c9349c465667e4
*** Element info: {Using=xpath, value=//input[@name='username']}]]>
            </message>
            <full-stacktrace>
              <![CDATA[org.openqa.selenium.NoSuchWindowException: no such window: target window already closed
from unknown error: web view not found
  (Session info: chrome=74.0.3729.157)
  (Driver info: chromedriver=2.40.565498 (ea082db3280dd6843ebfb08a625e3eb905c4f5ab),platform=Windows NT 10.0.15063 x86_64) (WARNING: The server did not provide any stacktrace information)
Command duration or timeout: 9 milliseconds
Build info: version: '3.4.0', revision: 'unknown', time: 'unknown'
System info: host: 'LIN60015134', ip: '192.168.1.15', os.name: 'Windows 10', os.arch: 'amd64', os.version: '10.0', java.version: '1.8.0_121'
Driver info: org.openqa.selenium.chrome.ChromeDriver
Capabilities [{applicationCacheEnabled=false, rotatable=false, mobileEmulationEnabled=false, networkConnectionEnabled=false, chrome={chromedriverVersion=2.40.565498 (ea082db3280dd6843ebfb08a625e3eb905c4f5ab), userDataDir=C:\Users\himansja\AppData\Local\Temp\scoped_dir16976_2784}, takesHeapSnapshot=true, pageLoadStrategy=normal, databaseEnabled=false, handlesAlerts=true, hasTouchScreen=false, version=74.0.3729.157, platform=XP, browserConnectionEnabled=false, nativeEvents=true, acceptSslCerts=false, acceptInsecureCerts=false, locationContextEnabled=true, webStorageEnabled=true, browserName=chrome, takesScreenshot=true, javascriptEnabled=true, cssSelectorsEnabled=true, setWindowRect=true, unexpectedAlertBehaviour=}]
Session ID: 75d8729e33046acb99c9349c465667e4
*** Element info: {Using=xpath, value=//input[@name='username']}
	at sun.reflect.NativeConstructorAccessorImpl.newInstance0(Native Method)
	at sun.reflect.NativeConstructorAccessorImpl.newInstance(NativeConstructorAccessorImpl.java:62)
	at sun.reflect.DelegatingConstructorAccessorImpl.newInstance(DelegatingConstructorAccessorImpl.java:45)
	at java.lang.reflect.Constructor.newInstance(Constructor.java:423)
	at org.openqa.selenium.remote.ErrorHandler.createThrowable(ErrorHandler.java:215)
	at org.openqa.selenium.remote.ErrorHandler.throwIfResponseFailed(ErrorHandler.java:167)
	at org.openqa.selenium.remote.RemoteWebDriver.execute(RemoteWebDriver.java:671)
	at org.openqa.selenium.remote.RemoteWebDriver.findElement(RemoteWebDriver.java:410)
	at org.openqa.selenium.remote.RemoteWebDriver.findElementByXPath(RemoteWebDriver.java:509)
	at org.openqa.selenium.By$ByXPath.findElement(By.java:361)
	at org.openqa.selenium.remote.RemoteWebDriver.findElement(RemoteWebDriver.java:402)
	at FreeCRM_Base.basePageObject$1.apply(basePageObject.java:31)
	at FreeCRM_Base.basePageObject$1.apply(basePageObject.java:1)
	at org.openqa.selenium.support.ui.FluentWait.until(FluentWait.java:209)
	at FreeCRM_Base.basePageObject.findElementsafely(basePageObject.java:29)
	at FreeCRM_Base.basePageObject.sendTextOnElement(basePageObject.java:43)
	at FreeCRM_PO.FreeCRMLoginPO.enterUsername(FreeCRMLoginPO.java:29)
	at FreeCRM_Modules.LoginModule.LoginFreeCRMModule(LoginModule.java:26)
	at FreeCRM_TestScenarios.FreeCRM_LoginTest.loginToFreeCRM(FreeCRM_LoginTest.java:25)
	at sun.reflect.NativeMethodAccessorImpl.invoke0(Native Method)
	at sun.reflect.NativeMethodAccessorImpl.invoke(NativeMethodAccessorImpl.java:62)
	at sun.reflect.DelegatingMethodAccessorImpl.invoke(DelegatingMethodAccessorImpl.java:43)
	at java.lang.reflect.Method.invoke(Method.java:498)
	at org.testng.internal.MethodInvocationHelper.invokeMethod(MethodInvocationHelper.java:84)
	at org.testng.internal.Invoker.invokeMethod(Invoker.java:714)
	at org.testng.internal.Invoker.invokeTestMethod(Invoker.java:901)
	at org.testng.internal.Invoker.invokeTestMethods(Invoker.java:1231)
	at org.testng.internal.TestMethodWorker.invokeTestMethods(TestMethodWorker.java:127)
	at org.testng.internal.TestMethodWorker.run(TestMethodWorker.java:111)
	at org.testng.TestRunner.privateRun(TestRunner.java:767)
	at org.testng.TestRunner.run(TestRunner.java:617)
	at org.testng.SuiteRunner.runTest(SuiteRunner.java:348)
	at org.testng.SuiteRunner.runSequentially(SuiteRunner.java:343)
	at org.testng.SuiteRunner.privateRun(SuiteRunner.java:305)
	at org.testng.SuiteRunner.run(SuiteRunner.java:254)
	at org.testng.SuiteRunnerWorker.runSuite(SuiteRunnerWorker.java:52)
	at org.testng.SuiteRunnerWorker.run(SuiteRunnerWorker.java:86)
	at org.testng.TestNG.runSuitesSequentially(TestNG.java:1224)
	at org.testng.TestNG.runSuitesLocally(TestNG.java:1149)
	at org.testng.TestNG.run(TestNG.java:1057)
	at org.testng.remote.AbstractRemoteTestNG.run(AbstractRemoteTestNG.java:114)
	at org.testng.remote.RemoteTestNG.initAndRun(RemoteTestNG.java:251)
	at org.testng.remote.RemoteTestNG.main(RemoteTestNG.java:77)
]]>
            </full-stacktrace>
          </exception> <!-- org.openqa.selenium.NoSuchWindowException -->
          <reporter-output>
          </reporter-output>
        </test-method> <!-- loginToFreeCRM -->
        <test-method status="PASS" signature="quitBrowser()[pri:0, instance:FreeCRM_TestScenarios.FreeCRM_LoginTest@7494f96a]" name="quitBrowser" is-config="true" duration-ms="0" started-at="2019-06-01T13:02:03Z" finished-at="2019-06-01T13:02:03Z">
          <reporter-output>
          </reporter-output>
        </test-method> <!-- quitBrowser -->
      </class> <!-- FreeCRM_TestScenarios.FreeCRM_LoginTest -->
    </test> <!-- Default test -->
  </suite> <!-- Default suite -->
</testng-results>
